Flow report for eJsv32k
Mon Jan 10 22:43:09 2022
Version 6.0 Build 178 04/27/2006 SJ Full Version


---------------------
; Table of Contents ;
---------------------
  1. Legal Notice
  2. Flow Summary
  3. Flow Settings
  4. Flow Non-Default Global Settings
  5. Flow Elapsed Time
  6. Flow Log



----------------
; Legal Notice ;
----------------
Copyright (C) 1991-2006 Altera Corporation
Your use of Altera Corporation's design tools, logic functions 
and other software and tools, and its AMPP partner logic 
functions, and any output files any of the foregoing 
(including device programming or simulation files), and any 
associated documentation or information are expressly subject 
to the terms and conditions of the Altera Program License 
Subscription Agreement, Altera MegaCore Function License 
Agreement, or other applicable license agreement, including, 
without limitation, that your use is for the sole purpose of 
programming logic devices manufactured by Altera and sold by 
Altera or its authorized distributors.  Please refer to the 
applicable agreement for further details.



+---------------------------------------------------------------------+
; Flow Summary                                                        ;
+--------------------------+------------------------------------------+
; Flow Status              ; Successful - Mon Jan 10 22:42:44 2022    ;
; Quartus II Version       ; 6.0 Build 178 04/27/2006 SJ Full Version ;
; Revision Name            ; eJsv32k                                  ;
; Top-level Entity Name    ; eJsv32k                                  ;
; Family                   ; Stratix II                               ;
; Met timing requirements  ; Yes                                      ;
; Total ALUTs              ; 6,375 / 12,480 ( 51 % )                  ;
; Total registers          ; 2278                                     ;
; Total pins               ; 168 / 343 ( 49 % )                       ;
; Total virtual pins       ; 0                                        ;
; Total memory bits        ; 67,072 / 419,328 ( 16 % )                ;
; DSP block 9-bit elements ; 8 / 96 ( 8 % )                           ;
; Total PLLs               ; 0 / 6 ( 0 % )                            ;
; Total DLLs               ; 0 / 2 ( 0 % )                            ;
; Device                   ; EP2S15F484C3                             ;
; Timing Models            ; Final                                    ;
+--------------------------+------------------------------------------+


+-----------------------------------------+
; Flow Settings                           ;
+-------------------+---------------------+
; Option            ; Setting             ;
+-------------------+---------------------+
; Start date & time ; 01/10/2022 22:39:08 ;
; Main task         ; Compilation         ;
; Revision Name     ; eJsv32k             ;
+-------------------+---------------------+


+--------------------------------------------------------------------------------------------------------------+
; Flow Non-Default Global Settings                                                                             ;
+-----------------------------------+-------------------------------+---------------+-------------+------------+
; Assignment Name                   ; Value                         ; Default Value ; Entity Name ; Section Id ;
+-----------------------------------+-------------------------------+---------------+-------------+------------+
; USER_LIBRARIES                    ; C:/altera/qdesigns60/eJ32/db/ ; --            ; --          ; --         ;
; VERILOG_INPUT_VERSION             ; SystemVerilog_2005            ; Verilog_2001  ; --          ; --         ;
; VERILOG_SHOW_LMF_MAPPING_MESSAGES ; Off                           ; --            ; --          ; --         ;
+-----------------------------------+-------------------------------+---------------+-------------+------------+


+-------------------------------------+
; Flow Elapsed Time                   ;
+----------------------+--------------+
; Module Name          ; Elapsed Time ;
+----------------------+--------------+
; Analysis & Synthesis ; 00:02:00     ;
; Fitter               ; 00:01:00     ;
; Assembler            ; 00:00:08     ;
; Timing Analyzer      ; 00:00:12     ;
; Total                ; 00:03:20     ;
+----------------------+--------------+


------------
; Flow Log ;
------------
quartus_map --read_settings_files=on --write_settings_files=off eJsv32k -c eJsv32k
quartus_fit --read_settings_files=off --write_settings_files=off eJsv32k -c eJsv32k
quartus_asm --read_settings_files=off --write_settings_files=off eJsv32k -c eJsv32k
quartus_tan --read_settings_files=off --write_settings_files=off eJsv32k -c eJsv32k --timing_analysis_only



